\BOOKMARK [1][-]{section.1}{\376\377\116\313\176\315}{}% 1
\BOOKMARK [2][-]{subsection.1.1}{\376\377\215\041\163\056}{section.1}% 2
\BOOKMARK [3][-]{subsubsection.1.1.1}{\376\377\226\062\137\241}{subsection.1.1}% 3
\BOOKMARK [3][-]{subsubsection.1.1.2}{\376\377\133\236\213\301\213\304\117\060}{subsection.1.1}% 4
\BOOKMARK [1][-]{section.2}{\376\377\133\371\142\227\140\047\147\072\126\150\133\146\116\140}{}% 5
\BOOKMARK [2][-]{subsection.2.1}{\376\377\117\177\165\050\147\072\126\150\133\146\116\140\122\006\174\173}{section.2}% 6
\BOOKMARK [2][-]{subsection.2.2}{\376\377\145\073\121\373\147\072\126\150\133\146\116\140\174\373\176\337}{section.2}% 7
\BOOKMARK [3][-]{subsubsection.2.2.1}{\376\377\145\114\133\371\145\271\166\204\166\356\150\007\124\214\200\375\122\233}{subsection.2.2}% 8
\BOOKMARK [3][-]{subsubsection.2.2.2}{\376\377\211\304\220\177\145\073\121\373}{subsection.2.2}% 9
\BOOKMARK [3][-]{subsubsection.2.2.3}{\376\377\145\114\133\371\136\162\142\160}{subsection.2.2}% 10
\BOOKMARK [2][-]{subsection.2.3}{\376\377\224\210\133\371\162\171\133\232\122\006\174\173\126\150\166\204\211\304\220\177\145\073\121\373}{section.2}% 11
\BOOKMARK [3][-]{subsubsection.2.3.1}{\376\377\133\371\176\277\140\047\000S\000V\000M\166\204\147\000\117\163\145\073\121\373}{subsection.2.3}% 12
\BOOKMARK [3][-]{subsubsection.2.3.2}{\376\377\127\372\116\216\150\257\136\246\166\204\171\136\176\317\177\121\176\334\145\073\121\373}{subsection.2.3}% 13
\BOOKMARK [2][-]{subsection.2.4}{\376\377\226\115\117\116\147\072\126\150\133\146\116\140\166\204\176\364\136\246}{section.2}% 14
\BOOKMARK [1][-]{section.3}{\376\377\127\372\116\216\226\115\176\364\166\204\226\062\137\241}{}% 15
\BOOKMARK [1][-]{section.4}{\376\377\217\333\210\114\133\236\232\214}{}% 16
\BOOKMARK [1][-]{section.5}{\376\377\133\236\232\214\176\323\147\234}{}% 17
\BOOKMARK [2][-]{subsection.5.1}{\376\377\226\062\137\241\133\371\145\057\143\001\124\021\221\317\147\072\166\204\137\161\124\315}{section.5}% 18
\BOOKMARK [3][-]{subsubsection.5.1.1}{\376\377\226\062\137\241\146\156\220\032\145\073\121\373}{subsection.5.1}% 19
\BOOKMARK [3][-]{subsubsection.5.1.2}{\376\377\226\062\137\241\133\371\147\000\117\163\145\073\121\373\166\204\137\161\124\315}{subsection.5.1}% 20
\BOOKMARK [3][-]{subsubsection.5.1.3}{\376\377\133\371\226\062\137\241\166\204\145\110\165\050\000-\133\211\121\150\147\103\210\141}{subsection.5.1}% 21
\BOOKMARK [2][-]{subsection.5.2}{\376\377\226\062\137\241\133\371\171\136\176\317\177\121\176\334\166\204\137\161\124\315}{section.5}% 22
\BOOKMARK [2][-]{subsection.5.3}{\376\377\133\371\116\015\124\014\145\160\143\156\226\306\166\204\220\002\165\050\140\047}{section.5}% 23
\BOOKMARK [3][-]{subsubsection.5.3.1}{\376\377\133\371\000H\000A\000R\145\160\143\156\226\306\166\204\217\251\142\244}{subsection.5.3}% 24
\BOOKMARK [2][-]{subsection.5.4}{\376\377\133\371\145\110\165\050\166\204\137\161\124\315}{section.5}% 25
\BOOKMARK [1][-]{section.6}{\376\377\213\250\213\272\124\214\226\120\122\066}{}% 26
\BOOKMARK [2][-]{subsection.6.1}{\376\377\156\341\215\263\213\276\213\241\166\356\150\007}{section.6}% 27
\BOOKMARK [2][-]{subsection.6.2}{\376\377\226\120\122\066}{section.6}% 28
\BOOKMARK [1][-]{section.7}{\376\377\166\370\121\163\135\345\117\134}{}% 29
\BOOKMARK [1][-]{section.8}{\376\377\176\323\213\272}{}% 30
\BOOKMARK [1][-]{section.9}{\376\377\226\104\137\125}{}% 31
\BOOKMARK [2][-]{subsection.9.1}{\376\377\155\113\221\317\133\371\142\227\142\020\122\237}{section.9}% 32
\BOOKMARK [2][-]{subsection.9.2}{\376\377\165\050\116\216\226\062\137\241\213\304\117\060\166\204\155\113\213\325\145\160\143\156\166\204\166\364\211\311}{section.9}% 33
\BOOKMARK [2][-]{subsection.9.3}{\376\377\145\340\176\277\143\245\202\202\160\271\177\121\176\334\147\015\122\241}{section.9}% 34
